This is pdfTeX, Version 3.1415926-2.4-1.40.13 (TeX Live 2012/Debian) (format=pdflatex 2013.9.5)  26 JUN 2015 15:19
entering extended mode
 restricted \write18 enabled.
 %&-line parsing enabled.
**kandi.tex
(./kandi.tex
LaTeX2e <2011/06/27>
Babel <v3.8m> and hyphenation patterns for english, dumylang, nohyphenation, et
hiopic, farsi, arabic, pinyin, croatian, bulgarian, ukrainian, russian, slovak,
 czech, danish, dutch, usenglishmax, ukenglish, finnish, french, basque, ngerma
n, german, swissgerman, ngerman-x-2012-05-30, german-x-2012-05-30, monogreek, g
reek, ibycus, ancientgreek, hungarian, bengali, tamil, hindi, telugu, gujarati,
 sanskrit, malayalam, kannada, assamese, marathi, oriya, panjabi, italian, lati
n, latvian, lithuanian, mongolian, mongolianlmc, nynorsk, bokmal, indonesian, e
speranto, coptic, welsh, irish, interlingua, serbian, serbianc, slovenian, friu
lan, romansh, estonian, romanian, armenian, uppersorbian, turkish, afrikaans, i
celandic, kurmanji, polish, portuguese, galician, catalan, spanish, swedish, uk
english, loaded.
(/usr/share/texlive/texmf-dist/tex/latex/base/article.cls
Document Class: article 2007/10/19 v1.4h Standard LaTeX document class
(/usr/share/texlive/texmf-dist/tex/latex/base/size12.clo
File: size12.clo 2007/10/19 v1.4h Standard LaTeX file (size option)
)
\c@part=\count79
\c@section=\count80
\c@subsection=\count81
\c@subsubsection=\count82
\c@paragraph=\count83
\c@subparagraph=\count84
\c@figure=\count85
\c@table=\count86
\abovecaptionskip=\skip41
\belowcaptionskip=\skip42
\bibindent=\dimen102
)
(/usr/share/texlive/texmf-dist/tex/latex/base/inputenc.sty
Package: inputenc 2008/03/30 v1.1d Input encoding file
\inpenc@prehook=\toks14
\inpenc@posthook=\toks15

(/usr/share/texlive/texmf-dist/tex/latex/base/utf8.def
File: utf8.def 2008/04/05 v1.1m UTF-8 support for inputenc
Now handling font encoding OML ...
... no UTF-8 mapping file for font encoding OML
Now handling font encoding T1 ...
... processing UTF-8 mapping file for font encoding T1

(/usr/share/texlive/texmf-dist/tex/latex/base/t1enc.dfu
File: t1enc.dfu 2008/04/05 v1.1m UTF-8 support for inputenc
   defining Unicode char U+00A1 (decimal 161)
   defining Unicode char U+00A3 (decimal 163)
   defining Unicode char U+00AB (decimal 171)
   defining Unicode char U+00BB (decimal 187)
   defining Unicode char U+00BF (decimal 191)
   defining Unicode char U+00C0 (decimal 192)
   defining Unicode char U+00C1 (decimal 193)
   defining Unicode char U+00C2 (decimal 194)
   defining Unicode char U+00C3 (decimal 195)
   defining Unicode char U+00C4 (decimal 196)
   defining Unicode char U+00C5 (decimal 197)
   defining Unicode char U+00C6 (decimal 198)
   defining Unicode char U+00C7 (decimal 199)
   defining Unicode char U+00C8 (decimal 200)
   defining Unicode char U+00C9 (decimal 201)
   defining Unicode char U+00CA (decimal 202)
   defining Unicode char U+00CB (decimal 203)
   defining Unicode char U+00CC (decimal 204)
   defining Unicode char U+00CD (decimal 205)
   defining Unicode char U+00CE (decimal 206)
   defining Unicode char U+00CF (decimal 207)
   defining Unicode char U+00D0 (decimal 208)
   defining Unicode char U+00D1 (decimal 209)
   defining Unicode char U+00D2 (decimal 210)
   defining Unicode char U+00D3 (decimal 211)
   defining Unicode char U+00D4 (decimal 212)
   defining Unicode char U+00D5 (decimal 213)
   defining Unicode char U+00D6 (decimal 214)
   defining Unicode char U+00D8 (decimal 216)
   defining Unicode char U+00D9 (decimal 217)
   defining Unicode char U+00DA (decimal 218)
   defining Unicode char U+00DB (decimal 219)
   defining Unicode char U+00DC (decimal 220)
   defining Unicode char U+00DD (decimal 221)
   defining Unicode char U+00DE (decimal 222)
   defining Unicode char U+00DF (decimal 223)
   defining Unicode char U+00E0 (decimal 224)
   defining Unicode char U+00E1 (decimal 225)
   defining Unicode char U+00E2 (decimal 226)
   defining Unicode char U+00E3 (decimal 227)
   defining Unicode char U+00E4 (decimal 228)
   defining Unicode char U+00E5 (decimal 229)
   defining Unicode char U+00E6 (decimal 230)
   defining Unicode char U+00E7 (decimal 231)
   defining Unicode char U+00E8 (decimal 232)
   defining Unicode char U+00E9 (decimal 233)
   defining Unicode char U+00EA (decimal 234)
   defining Unicode char U+00EB (decimal 235)
   defining Unicode char U+00EC (decimal 236)
   defining Unicode char U+00ED (decimal 237)
   defining Unicode char U+00EE (decimal 238)
   defining Unicode char U+00EF (decimal 239)
   defining Unicode char U+00F0 (decimal 240)
   defining Unicode char U+00F1 (decimal 241)
   defining Unicode char U+00F2 (decimal 242)
   defining Unicode char U+00F3 (decimal 243)
   defining Unicode char U+00F4 (decimal 244)
   defining Unicode char U+00F5 (decimal 245)
   defining Unicode char U+00F6 (decimal 246)
   defining Unicode char U+00F8 (decimal 248)
   defining Unicode char U+00F9 (decimal 249)
   defining Unicode char U+00FA (decimal 250)
   defining Unicode char U+00FB (decimal 251)
   defining Unicode char U+00FC (decimal 252)
   defining Unicode char U+00FD (decimal 253)
   defining Unicode char U+00FE (decimal 254)
   defining Unicode char U+00FF (decimal 255)
   defining Unicode char U+0102 (decimal 258)
   defining Unicode char U+0103 (decimal 259)
   defining Unicode char U+0104 (decimal 260)
   defining Unicode char U+0105 (decimal 261)
   defining Unicode char U+0106 (decimal 262)
   defining Unicode char U+0107 (decimal 263)
   defining Unicode char U+010C (decimal 268)
   defining Unicode char U+010D (decimal 269)
   defining Unicode char U+010E (decimal 270)
   defining Unicode char U+010F (decimal 271)
   defining Unicode char U+0110 (decimal 272)
   defining Unicode char U+0111 (decimal 273)
   defining Unicode char U+0118 (decimal 280)
   defining Unicode char U+0119 (decimal 281)
   defining Unicode char U+011A (decimal 282)
   defining Unicode char U+011B (decimal 283)
   defining Unicode char U+011E (decimal 286)
   defining Unicode char U+011F (decimal 287)
   defining Unicode char U+0130 (decimal 304)
   defining Unicode char U+0131 (decimal 305)
   defining Unicode char U+0132 (decimal 306)
   defining Unicode char U+0133 (decimal 307)
   defining Unicode char U+0139 (decimal 313)
   defining Unicode char U+013A (decimal 314)
   defining Unicode char U+013D (decimal 317)
   defining Unicode char U+013E (decimal 318)
   defining Unicode char U+0141 (decimal 321)
   defining Unicode char U+0142 (decimal 322)
   defining Unicode char U+0143 (decimal 323)
   defining Unicode char U+0144 (decimal 324)
   defining Unicode char U+0147 (decimal 327)
   defining Unicode char U+0148 (decimal 328)
   defining Unicode char U+014A (decimal 330)
   defining Unicode char U+014B (decimal 331)
   defining Unicode char U+0150 (decimal 336)
   defining Unicode char U+0151 (decimal 337)
   defining Unicode char U+0152 (decimal 338)
   defining Unicode char U+0153 (decimal 339)
   defining Unicode char U+0154 (decimal 340)
   defining Unicode char U+0155 (decimal 341)
   defining Unicode char U+0158 (decimal 344)
   defining Unicode char U+0159 (decimal 345)
   defining Unicode char U+015A (decimal 346)
   defining Unicode char U+015B (decimal 347)
   defining Unicode char U+015E (decimal 350)
   defining Unicode char U+015F (decimal 351)
   defining Unicode char U+0160 (decimal 352)
   defining Unicode char U+0161 (decimal 353)
   defining Unicode char U+0162 (decimal 354)
   defining Unicode char U+0163 (decimal 355)
   defining Unicode char U+0164 (decimal 356)
   defining Unicode char U+0165 (decimal 357)
   defining Unicode char U+016E (decimal 366)
   defining Unicode char U+016F (decimal 367)
   defining Unicode char U+0170 (decimal 368)
   defining Unicode char U+0171 (decimal 369)
   defining Unicode char U+0178 (decimal 376)
   defining Unicode char U+0179 (decimal 377)
   defining Unicode char U+017A (decimal 378)
   defining Unicode char U+017B (decimal 379)
   defining Unicode char U+017C (decimal 380)
   defining Unicode char U+017D (decimal 381)
   defining Unicode char U+017E (decimal 382)
   defining Unicode char U+200C (decimal 8204)
   defining Unicode char U+2013 (decimal 8211)
   defining Unicode char U+2014 (decimal 8212)
   defining Unicode char U+2018 (decimal 8216)
   defining Unicode char U+2019 (decimal 8217)
   defining Unicode char U+201A (decimal 8218)
   defining Unicode char U+201C (decimal 8220)
   defining Unicode char U+201D (decimal 8221)
   defining Unicode char U+201E (decimal 8222)
   defining Unicode char U+2030 (decimal 8240)
   defining Unicode char U+2031 (decimal 8241)
   defining Unicode char U+2039 (decimal 8249)
   defining Unicode char U+203A (decimal 8250)
   defining Unicode char U+2423 (decimal 9251)
)
Now handling font encoding OT1 ...
... processing UTF-8 mapping file for font encoding OT1

(/usr/share/texlive/texmf-dist/tex/latex/base/ot1enc.dfu
File: ot1enc.dfu 2008/04/05 v1.1m UTF-8 support for inputenc
   defining Unicode char U+00A1 (decimal 161)
   defining Unicode char U+00A3 (decimal 163)
   defining Unicode char U+00B8 (decimal 184)
   defining Unicode char U+00BF (decimal 191)
   defining Unicode char U+00C5 (decimal 197)
   defining Unicode char U+00C6 (decimal 198)
   defining Unicode char U+00D8 (decimal 216)
   defining Unicode char U+00DF (decimal 223)
   defining Unicode char U+00E6 (decimal 230)
   defining Unicode char U+00EC (decimal 236)
   defining Unicode char U+00ED (decimal 237)
   defining Unicode char U+00EE (decimal 238)
   defining Unicode char U+00EF (decimal 239)
   defining Unicode char U+00F8 (decimal 248)
   defining Unicode char U+0131 (decimal 305)
   defining Unicode char U+0141 (decimal 321)
   defining Unicode char U+0142 (decimal 322)
   defining Unicode char U+0152 (decimal 338)
   defining Unicode char U+0153 (decimal 339)
   defining Unicode char U+2013 (decimal 8211)
   defining Unicode char U+2014 (decimal 8212)
   defining Unicode char U+2018 (decimal 8216)
   defining Unicode char U+2019 (decimal 8217)
   defining Unicode char U+201C (decimal 8220)
   defining Unicode char U+201D (decimal 8221)
)
Now handling font encoding OMS ...
... processing UTF-8 mapping file for font encoding OMS

(/usr/share/texlive/texmf-dist/tex/latex/base/omsenc.dfu
File: omsenc.dfu 2008/04/05 v1.1m UTF-8 support for inputenc
   defining Unicode char U+00A7 (decimal 167)
   defining Unicode char U+00B6 (decimal 182)
   defining Unicode char U+00B7 (decimal 183)
   defining Unicode char U+2020 (decimal 8224)
   defining Unicode char U+2021 (decimal 8225)
   defining Unicode char U+2022 (decimal 8226)
)
Now handling font encoding OMX ...
... no UTF-8 mapping file for font encoding OMX
Now handling font encoding U ...
... no UTF-8 mapping file for font encoding U
   defining Unicode char U+00A9 (decimal 169)
   defining Unicode char U+00AA (decimal 170)
   defining Unicode char U+00AE (decimal 174)
   defining Unicode char U+00BA (decimal 186)
   defining Unicode char U+02C6 (decimal 710)
   defining Unicode char U+02DC (decimal 732)
   defining Unicode char U+200C (decimal 8204)
   defining Unicode char U+2026 (decimal 8230)
   defining Unicode char U+2122 (decimal 8482)
   defining Unicode char U+2423 (decimal 9251)
))
(/var/lib/texmf/tex/generic/babel/babel.sty
Package: babel 2008/07/08 v3.8m The Babel package

(/usr/share/texlive/texmf-dist/tex/generic/babel/finnish.ldf
Language: finnish 2007/10/20 v1.3q Finnish support from the babel system

(/usr/share/texlive/texmf-dist/tex/generic/babel/babel.def
File: babel.def 2008/07/08 v3.8m Babel common definitions
\babel@savecnt=\count87
\U@D=\dimen103
)
Package babel Info: Making " an active character on input line 89.
))
(/usr/share/texlive/texmf-dist/tex/latex/setspace/setspace.sty
Package: setspace 2011/12/19 v6.7a set line spacing
)
(/usr/share/texlive/texmf-dist/tex/latex/parskip/parskip.sty
Package: parskip 2001/04/09 non-zero parskip adjustments
)
(/usr/share/texlive/texmf-dist/tex/latex/amsfonts/amssymb.sty
Package: amssymb 2009/06/22 v3.00

(/usr/share/texlive/texmf-dist/tex/latex/amsfonts/amsfonts.sty
Package: amsfonts 2009/06/22 v3.00 Basic AMSFonts support
\@emptytoks=\toks16
\symAMSa=\mathgroup4
\symAMSb=\mathgroup5
LaTeX Font Info:    Overwriting math alphabet `\mathfrak' in version `bold'
(Font)                  U/euf/m/n --> U/euf/b/n on input line 96.
))
(/usr/share/texlive/texmf-dist/tex/latex/amsmath/amsmath.sty
Package: amsmath 2000/07/18 v2.13 AMS math features
\@mathmargin=\skip43

For additional information on amsmath, use the `?' option.
(/usr/share/texlive/texmf-dist/tex/latex/amsmath/amstext.sty
Package: amstext 2000/06/29 v2.01

(/usr/share/texlive/texmf-dist/tex/latex/amsmath/amsgen.sty
File: amsgen.sty 1999/11/30 v2.0
\@emptytoks=\toks17
\ex@=\dimen104
))
(/usr/share/texlive/texmf-dist/tex/latex/amsmath/amsbsy.sty
Package: amsbsy 1999/11/29 v1.2d
\pmbraise@=\dimen105
)
(/usr/share/texlive/texmf-dist/tex/latex/amsmath/amsopn.sty
Package: amsopn 1999/12/14 v2.01 operator names
)
\inf@bad=\count88
LaTeX Info: Redefining \frac on input line 211.
\uproot@=\count89
\leftroot@=\count90
LaTeX Info: Redefining \overline on input line 307.
\classnum@=\count91
\DOTSCASE@=\count92
LaTeX Info: Redefining \ldots on input line 379.
LaTeX Info: Redefining \dots on input line 382.
LaTeX Info: Redefining \cdots on input line 467.
\Mathstrutbox@=\box26
\strutbox@=\box27
\big@size=\dimen106
LaTeX Font Info:    Redeclaring font encoding OML on input line 567.
LaTeX Font Info:    Redeclaring font encoding OMS on input line 568.
\macc@depth=\count93
\c@MaxMatrixCols=\count94
\dotsspace@=\muskip10
\c@parentequation=\count95
\dspbrk@lvl=\count96
\tag@help=\toks18
\row@=\count97
\column@=\count98
\maxfields@=\count99
\andhelp@=\toks19
\eqnshift@=\dimen107
\alignsep@=\dimen108
\tagshift@=\dimen109
\tagwidth@=\dimen110
\totwidth@=\dimen111
\lineht@=\dimen112
\@envbody=\toks20
\multlinegap=\skip44
\multlinetaggap=\skip45
\mathdisplay@stack=\toks21
LaTeX Info: Redefining \[ on input line 2666.
LaTeX Info: Redefining \] on input line 2667.
)
(/usr/share/texlive/texmf-dist/tex/latex/graphics/graphicx.sty
Package: graphicx 1999/02/16 v1.0f Enhanced LaTeX Graphics (DPC,SPQR)

(/usr/share/texlive/texmf-dist/tex/latex/graphics/keyval.sty
Package: keyval 1999/03/16 v1.13 key=value parser (DPC)
\KV@toks@=\toks22
)
(/usr/share/texlive/texmf-dist/tex/latex/graphics/graphics.sty
Package: graphics 2009/02/05 v1.0o Standard LaTeX Graphics (DPC,SPQR)

(/usr/share/texlive/texmf-dist/tex/latex/graphics/trig.sty
Package: trig 1999/03/16 v1.09 sin cos tan (DPC)
)
(/usr/share/texlive/texmf-dist/tex/latex/latexconfig/graphics.cfg
File: graphics.cfg 2010/04/23 v1.9 graphics configuration of TeX Live
)
Package graphics Info: Driver file: pdftex.def on input line 91.

(/usr/share/texlive/texmf-dist/tex/latex/pdftex-def/pdftex.def
File: pdftex.def 2011/05/27 v0.06d Graphics/color for pdfTeX

(/usr/share/texlive/texmf-dist/tex/generic/oberdiek/infwarerr.sty
Package: infwarerr 2010/04/08 v1.3 Providing info/warning/error messages (HO)
)
(/usr/share/texlive/texmf-dist/tex/generic/oberdiek/ltxcmds.sty
Package: ltxcmds 2011/11/09 v1.22 LaTeX kernel commands for general use (HO)
)
\Gread@gobject=\count100
))
\Gin@req@height=\dimen113
\Gin@req@width=\dimen114
)
(/usr/share/texlive/texmf-dist/tex/latex/fancyhdr/fancyhdr.sty
\fancy@headwidth=\skip46
\f@ncyO@elh=\skip47
\f@ncyO@erh=\skip48
\f@ncyO@olh=\skip49
\f@ncyO@orh=\skip50
\f@ncyO@elf=\skip51
\f@ncyO@erf=\skip52
\f@ncyO@olf=\skip53
\f@ncyO@orf=\skip54
)
(/usr/share/texlive/texmf-dist/tex/latex/geometry/geometry.sty
Package: geometry 2010/09/12 v5.6 Page Geometry

(/usr/share/texlive/texmf-dist/tex/generic/oberdiek/ifpdf.sty
Package: ifpdf 2011/01/30 v2.3 Provides the ifpdf switch (HO)
Package ifpdf Info: pdfTeX in PDF mode is detected.
)
(/usr/share/texlive/texmf-dist/tex/generic/oberdiek/ifvtex.sty
Package: ifvtex 2010/03/01 v1.5 Detect VTeX and its facilities (HO)
Package ifvtex Info: VTeX not detected.
)
(/usr/share/texlive/texmf-dist/tex/generic/ifxetex/ifxetex.sty
Package: ifxetex 2010/09/12 v0.6 Provides ifxetex conditional
)
\Gm@cnth=\count101
\Gm@cntv=\count102
\c@Gm@tempcnt=\count103
\Gm@bindingoffset=\dimen115
\Gm@wd@mp=\dimen116
\Gm@odd@mp=\dimen117
\Gm@even@mp=\dimen118
\Gm@layoutwidth=\dimen119
\Gm@layoutheight=\dimen120
\Gm@layouthoffset=\dimen121
\Gm@layoutvoffset=\dimen122
\Gm@dimlist=\toks23
)
(/usr/share/texlive/texmf-dist/tex/latex/float/float.sty
Package: float 2001/11/08 v1.3d Float enhancements (AL)
\c@float@type=\count104
\float@exts=\toks24
\float@box=\box28
\@float@everytoks=\toks25
\@floatcapt=\box29
)
(/usr/share/texlive/texmf-dist/tex/latex/placeins/placeins.sty
Package: placeins 2005/04/18  v 2.2
)
(/usr/share/texlive/texmf-dist/tex/latex/siunitx/siunitx.sty
(/usr/share/texlive/texmf-dist/tex/latex/l3kernel/expl3.sty
(/usr/share/texlive/texmf-dist/tex/latex/l3kernel/l3names.sty
(/usr/share/texlive/texmf-dist/tex/latex/l3kernel/l3bootstrap.sty
Package: l3bootstrap 2011/12/29 v3110 L3 Experimental bootstrap code
)
Package: l3names 2012/03/04 v3494 L3 Experimental namespace for primitives
)
(/usr/share/texlive/texmf-dist/tex/latex/etex-pkg/etex.sty
Package: etex 1998/03/26 v2.0 eTeX basic definition package (PEB)
\et@xins=\count105
)
Package: expl3 2012/04/23 v3570 L3 Experimental code bundle wrapper

(/usr/share/texlive/texmf-dist/tex/latex/graphics/color.sty
Package: color 2005/11/14 v1.0j Standard LaTeX Color (DPC)

(/usr/share/texlive/texmf-dist/tex/latex/latexconfig/color.cfg
File: color.cfg 2007/01/18 v1.5 color configuration of teTeX/TeXLive
)
Package color Info: Driver file: pdftex.def on input line 130.
)
(/usr/share/texlive/texmf-dist/tex/latex/l3kernel/l3basics.sty
Package: l3basics 2012/03/04 v3491 L3 Experimental basic definitions
)
(/usr/share/texlive/texmf-dist/tex/latex/l3kernel/l3expan.sty
Package: l3expan 2012/02/26 v3460 L3 Experimental argument expansion
)
(/usr/share/texlive/texmf-dist/tex/latex/l3kernel/l3tl.sty
Package: l3tl 2012/03/04 v3490 L3 Experimental token lists
)
(/usr/share/texlive/texmf-dist/tex/latex/l3kernel/l3seq.sty
Package: l3seq 2012/03/04 v3490 L3 Experimental sequences and stacks
)
(/usr/share/texlive/texmf-dist/tex/latex/l3kernel/l3int.sty
Package: l3int 2012/03/04 v3490 L3 Experimental integers
\c_max_int=\count106
\l_tmpa_int=\count107
\l_tmpb_int=\count108
\l_tmpc_int=\count109
\g_tmpa_int=\count110
\g_tmpb_int=\count111
)
(/usr/share/texlive/texmf-dist/tex/latex/l3kernel/l3quark.sty
Package: l3quark 2012/02/12 v3384 L3 Experimental quarks
)
(/usr/share/texlive/texmf-dist/tex/latex/l3kernel/l3prg.sty
Package: l3prg 2012/03/04 v3490 L3 Experimental control structures
\g_prg_map_int=\count112
)
(/usr/share/texlive/texmf-dist/tex/latex/l3kernel/l3clist.sty
Package: l3clist 2012/03/04 v3490 L3 Experimental comma separated lists
)
(/usr/share/texlive/texmf-dist/tex/latex/l3kernel/l3token.sty
Package: l3token 2012/03/04 v3491 L3 Experimental token manipulation
)
(/usr/share/texlive/texmf-dist/tex/latex/l3kernel/l3prop.sty
Package: l3prop 2012/03/04 v3490 L3 Experimental property lists
)
(/usr/share/texlive/texmf-dist/tex/latex/l3kernel/l3msg.sty
Package: l3msg 2012/04/23 v3568 L3 Experimental messages
)
(/usr/share/texlive/texmf-dist/tex/latex/l3kernel/l3file.sty
Package: l3file 2012/03/09 v3520 L3 Experimental file and I/O operations
\l_iow_stream_int=\count113
\l_iow_line_length_int=\count114
\l_iow_target_length_int=\count115
\l_iow_current_line_int=\count116
\l_iow_current_word_int=\count117
\l_iow_current_indentation_int=\count118
)
(/usr/share/texlive/texmf-dist/tex/latex/l3kernel/l3skip.sty
Package: l3skip 2012/03/05 v3499 L3 Experimental dimensions and skips
\l_tmpa_dim=\dimen123
\l_tmpb_dim=\dimen124
\l_tmpc_dim=\dimen125
\g_tmpa_dim=\dimen126
\g_tmpb_dim=\dimen127
\l_tmpa_skip=\skip55
\l_tmpb_skip=\skip56
\l_tmpc_skip=\skip57
\g_tmpa_skip=\skip58
\g_tmpb_skip=\skip59
)
(/usr/share/texlive/texmf-dist/tex/latex/l3kernel/l3keys.sty
Package: l3keys 2012/03/03 v3487 L3 Experimental key-value interfaces
\g_keyval_level_int=\count119
\l_keys_choice_int=\count120
)
(/usr/share/texlive/texmf-dist/tex/latex/l3kernel/l3fp.sty
Package: l3fp 2012/03/04 v3490 L3 Experimental floating-point operations
\c_one_million=\count121
\c_one_hundred_million=\count122
\c_five_hundred_million=\count123
\c_one_thousand_million=\count124
\c_fp_pi_by_four_decimal_int=\count125
\c_fp_pi_by_four_extended_int=\count126
\c_fp_pi_decimal_int=\count127
\c_fp_pi_extended_int=\count128
\c_fp_two_pi_decimal_int=\count129
\c_fp_two_pi_extended_int=\count130
\l_fp_count_int=\count131
\l_fp_div_offset_int=\count132
\l_fp_exp_integer_int=\count133
\l_fp_exp_decimal_int=\count134
\l_fp_exp_extended_int=\count135
\l_fp_exp_exponent_int=\count136
\l_fp_input_a_sign_int=\count137
\l_fp_input_a_integer_int=\count138
\l_fp_input_a_decimal_int=\count139
\l_fp_input_a_exponent_int=\count140
\l_fp_input_b_sign_int=\count141
\l_fp_input_b_integer_int=\count142
\l_fp_input_b_decimal_int=\count143
\l_fp_input_b_exponent_int=\count144
\l_fp_input_a_extended_int=\count145
\l_fp_input_b_extended_int=\count146
\l_fp_mul_a_i_int=\count147
\l_fp_mul_a_ii_int=\count148
\l_fp_mul_a_iii_int=\count149
\l_fp_mul_a_iv_int=\count150
\l_fp_mul_a_v_int=\count151
\l_fp_mul_a_vi_int=\count152
\l_fp_mul_b_i_int=\count153
\l_fp_mul_b_ii_int=\count154
\l_fp_mul_b_iii_int=\count155
\l_fp_mul_b_iv_int=\count156
\l_fp_mul_b_v_int=\count157
\l_fp_mul_b_vi_int=\count158
\l_fp_mul_output_int=\count159
\l_fp_output_sign_int=\count160
\l_fp_output_integer_int=\count161
\l_fp_output_decimal_int=\count162
\l_fp_output_exponent_int=\count163
\l_fp_output_extended_int=\count164
\l_fp_round_position_int=\count165
\l_fp_round_target_int=\count166
\l_fp_split_sign_int=\count167
\l_fp_internal_int=\count168
\l_fp_trig_octant_int=\count169
\l_fp_trig_sign_int=\count170
\l_fp_trig_decimal_int=\count171
\l_fp_trig_extended_int=\count172
\l_fp_internal_dim=\dimen128
\l_fp_internal_skip=\skip60
)
(/usr/share/texlive/texmf-dist/tex/latex/l3kernel/l3box.sty
Package: l3box 2012/03/04 v3490 L3 Experimental boxes
\l_tmpb_box=\box30
\l_box_top_dim=\dimen129
\l_box_bottom_dim=\dimen130
\l_box_left_dim=\dimen131
\l_box_right_dim=\dimen132
\l_box_top_new_dim=\dimen133
\l_box_bottom_new_dim=\dimen134
\l_box_left_new_dim=\dimen135
\l_box_right_new_dim=\dimen136
\l_box_internal_box=\box31
)
(/usr/share/texlive/texmf-dist/tex/latex/l3kernel/l3coffins.sty
Package: l3coffins 2012/03/03 v3482 L3 Experimental coffin code layer
\l_coffin_internal_box=\box32
\l_coffin_internal_dim=\dimen137
\l_coffin_offset_x_dim=\dimen138
\l_coffin_offset_y_dim=\dimen139
\l_coffin_x_dim=\dimen140
\l_coffin_y_dim=\dimen141
\l_coffin_x_prime_dim=\dimen142
\l_coffin_y_prime_dim=\dimen143
\l_coffin_Depth_dim=\dimen144
\l_coffin_Height_dim=\dimen145
\l_coffin_TotalHeight_dim=\dimen146
\l_coffin_Width_dim=\dimen147
\c_empty_coffin=\box33
\l_coffin_aligned_coffin=\box34
\l_coffin_aligned_internal_coffin=\box35
\l_coffin_bounding_shift_dim=\dimen148
\l_coffin_left_corner_dim=\dimen149
\l_coffin_right_corner_dim=\dimen150
\l_coffin_bottom_corner_dim=\dimen151
\l_coffin_top_corner_dim=\dimen152
\l_coffin_scaled_total_height_dim=\dimen153
\l_coffin_scaled_width_dim=\dimen154
\l_coffin_display_coffin=\box36
\l_coffin_display_coord_coffin=\box37
\l_coffin_display_pole_coffin=\box38
\l_coffin_display_offset_dim=\dimen155
\l_coffin_display_x_dim=\dimen156
\l_coffin_display_y_dim=\dimen157
)
(/usr/share/texlive/texmf-dist/tex/latex/l3kernel/l3color.sty
Package: l3color 2011/09/07 v2776 L3 Experimental colour support
)
(/usr/share/texlive/texmf-dist/tex/latex/l3kernel/l3luatex.sty
Package: l3luatex 2012/02/09 v3355 L3 Experimental LuaTeX-specific functions
\g_cctab_allocate_int=\count173
\g_cctab_stack_int=\count174
))
Package: siunitx 2012/05/03 v2.5c A comprehensive (SI) units package

(/usr/share/texlive/texmf-dist/tex/latex/tools/array.sty
Package: array 2008/09/09 v2.4c Tabular extension package (FMi)
\col@sep=\dimen158
\extrarowheight=\dimen159
\NC@list=\toks26
\extratabsurround=\skip61
\backup@length=\skip62
)
(/usr/share/texlive/texmf-dist/tex/latex/l3packages/l3keys2e/l3keys2e.sty
(/usr/share/texlive/texmf-dist/tex/latex/l3packages/xparse/xparse.sty
Package: xparse 2012/04/23 v3570 L3 Experimental document command parser
\l_xparse_current_arg_int=\count175
\l_xparse_m_args_int=\count176
\l_xparse_mandatory_args_int=\count177
\l_xparse_processor_int=\count178
\l_xparse_v_nesting_int=\count179
)
Package: l3keys2e 2012/04/23 v3570 LaTeX2e option processing using LaTeX3 keys
)
\l_siunitx_tmp_box=\box39
\l_siunitx_tmp_dim=\dimen160
\l_siunitx_tmp_int=\count180
Variant \prop_get:NVNT already defined; not changing it on line 360
Variant \prop_get:NVNF already defined; not changing it on line 361
Variant \prop_get:NVNTF already defined; not changing it on line 362
\l_siunitx_number_mantissa_length_int=\count181
\l_siunitx_number_uncert_length_int=\count182
\l_siunitx_round_int=\count183
\l_siunitx_process_decimal_int=\count184
\l_siunitx_process_uncertainty_int=\count185
\l_siunitx_process_fixed_int=\count186
\l_siunitx_process_integer_min_int=\count187
\l_siunitx_process_precision_int=\count188
\l_siunitx_group_min_int=\count189
\l_siunitx_angle_marker_box=\box40
\l_siunitx_angle_unit_box=\box41
\l_siunitx_angle_marker_dim=\dimen161
\l_siunitx_angle_unit_dim=\dimen162
\l_siunitx_unit_int=\count190
\l_siunitx_unit_denominator_int=\count191
\l_siunitx_unit_numerator_int=\count192
\l_siunitx_unit_prefix_int=\count193
\l_siunitx_unit_prefix_base_int=\count194
\l_siunitx_unit_prefix_gram_int=\count195
\l_siunitx_number_product_int=\count196
\c_siunitx_one_fill_skip=\skip63
\l_siunitx_table_unit_align_skip=\skip64
\l_siunitx_table_exponent_dim=\dimen163
\l_siunitx_table_integer_dim=\dimen164
\l_siunitx_table_mantissa_dim=\dimen165
\l_siunitx_table_marker_dim=\dimen166
\l_siunitx_table_result_dim=\dimen167
\l_siunitx_table_uncert_dim=\dimen168
\l_siunitx_table_fill_pre_dim=\dimen169
\l_siunitx_table_fill_post_dim=\dimen170
\l_siunitx_table_fill_mid_dim=\dimen171
\l_siunitx_table_pre_box=\box42
\l_siunitx_table_post_box=\box43
\l_siunitx_table_mantissa_box=\box44
\l_siunitx_table_result_box=\box45
\l_siunitx_table_number_align_skip=\skip65
\l_siunitx_table_text_align_skip=\skip66
.................................................
. LaTeX info: "xparse/define-command"
. 
. Defining document command \DeclareBinaryPrefix with arg. spec. 'mmm' on line
. 7037.
.................................................
.................................................
. LaTeX info: "xparse/define-command"
. 
. Defining document command \DeclareSIPostPower with arg. spec. 'mm' on line
. 7040.
.................................................
.................................................
. LaTeX info: "xparse/define-command"
. 
. Defining document command \DeclareSIPrefix with arg. spec. 'mmm' on line
. 7043.
.................................................
.................................................
. LaTeX info: "xparse/define-command"
. 
. Defining document command \DeclareSIPrePower with arg. spec. 'mm' on line
. 7046.
.................................................
.................................................
. LaTeX info: "xparse/define-command"
. 
. Defining document command \DeclareSIQualifier with arg. spec. 'mm' on line
. 7049.
.................................................
.................................................
. LaTeX info: "xparse/define-command"
. 
. Defining document command \DeclareSIUnit with arg. spec. 'O{}mm' on line
. 7052.
.................................................
.................................................
. LaTeX info: "xparse/define-command"
. 
. Defining document command \DeclareSIUnitWithOptions with arg. spec. 'mmm' on
. line 7055.
.................................................
.................................................
. LaTeX info: "xparse/define-command"
. 
. Defining document command \ang with arg. spec. 'o>{\SplitArgument {2}{;}}m'
. on line 7070.
.................................................
.................................................
. LaTeX info: "xparse/define-command"
. 
. Defining document command \num with arg. spec. 'om' on line 7078.
.................................................
.................................................
. LaTeX info: "xparse/define-command"
. 
. Defining document command \numlist with arg. spec. 'o>{\SplitList {;}}m' on
. line 7086.
.................................................
.................................................
. LaTeX info: "xparse/define-command"
. 
. Defining document command \numrange with arg. spec. 'omm' on line 7094.
.................................................
.................................................
. LaTeX info: "xparse/define-command"
. 
. Defining document command \SIlist with arg. spec. 'o>{\SplitList {;}}mm' on
. line 7105.
.................................................
.................................................
. LaTeX info: "xparse/define-command"
. 
. Defining document command \SIrange with arg. spec. 'ommm' on line 7116.
.................................................
.................................................
. LaTeX info: "xparse/define-command"
. 
. Defining document command \SI with arg. spec. 'omom' on line 7127.
.................................................
.................................................
. LaTeX info: "xparse/define-command"
. 
. Defining document command \sisetup with arg. spec. 'm' on line 7130.
.................................................
.................................................
. LaTeX info: "xparse/define-command"
. 
. Defining document command \tablenum with arg. spec. 'om' on line 7142.
.................................................
.................................................
. LaTeX info: "xparse/define-command"
. 
. Defining document command \si with arg. spec. 'om' on line 7153.
.................................................
.................................................
. LaTeX info: "xparse/define-command"
. 
. Defining document command \siunitx_bookmark_num:w with arg. spec. 'om' on
. line 7197.
.................................................
.................................................
. LaTeX info: "xparse/define-command"
. 
. Defining document command \siunitx_bookmark_numrange:w with arg. spec. 'omm'
. on line 7199.
.................................................
.................................................
. LaTeX info: "xparse/define-command"
. 
. Defining document command \siunitx_bookmark_SI:w with arg. spec. 'omom' on
. line 7201.
.................................................
.................................................
. LaTeX info: "xparse/define-command"
. 
. Defining document command \siunitx_bookmark_SIlist:w with arg. spec. 'omm'
. on line 7203.
.................................................
.................................................
. LaTeX info: "xparse/define-command"
. 
. Defining document command \siunitx_bookmark_SIrange:w with arg. spec. 'ommm'
. on line 7205.
.................................................
.................................................
. LaTeX info: "xparse/define-command"
. 
. Defining document command \siunitx_bookmark_si:w with arg. spec. 'om' on
. line 7206.
.................................................
\g_ior_internal_ior=\read1

(/usr/share/texmf/tex/latex/beamer/base/translator/translator.sty
Package: translator 2010/06/12 ver 1.10

(/usr/share/texmf/tex/latex/beamer/base/translator/translator-language-mappings
.tex)))
*************************************************
* siunitx warning: "version-1-option"
* 
* Version 1 option 'per' detected.
*************************************************
(/usr/share/texlive/texmf-dist/tex/latex/siunitx/config/siunitx-version-1.cfg
File: siunitx-version-1.cfg 2012/05/03 v2.5c siunitx: Version 1 settings
.................................................
. LaTeX info: "xparse/define-command"
. 
. Defining document command \newpower with arg. spec. 'omm' on line 636.
.................................................
.................................................
. LaTeX info: "xparse/define-command"
. 
. Defining document command \renewpower with arg. spec. 'omm' on line 641.
.................................................
.................................................
. LaTeX info: "xparse/define-command"
. 
. Defining document command \providepower with arg. spec. 'omm' on line 646.
.................................................
.................................................
. LaTeX info: "xparse/define-command"
. 
. Defining document command \newprefix with arg. spec. 'ommm' on line 651.
.................................................
.................................................
. LaTeX info: "xparse/define-command"
. 
. Defining document command \renewprefix with arg. spec. 'ommm' on line 656.
.................................................
.................................................
. LaTeX info: "xparse/define-command"
. 
. Defining document command \provideprefix with arg. spec. 'ommm' on line 661.
.................................................
.................................................
. LaTeX info: "xparse/define-command"
. 
. Defining document command \newqualifier with arg. spec. 'mm' on line 664.
.................................................
.................................................
. LaTeX info: "xparse/define-command"
. 
. Defining document command \requiresiconfigs with arg. spec. 'm' on line 732.
.................................................
)
(/usr/share/texlive/texmf-dist/tex/latex/hyperref/hyperref.sty
Package: hyperref 2012/05/13 v6.82q Hypertext links for LaTeX

(/usr/share/texlive/texmf-dist/tex/generic/oberdiek/hobsub-hyperref.sty
Package: hobsub-hyperref 2012/05/28 v1.13 Bundle oberdiek, subset hyperref (HO)


(/usr/share/texlive/texmf-dist/tex/generic/oberdiek/hobsub-generic.sty
Package: hobsub-generic 2012/05/28 v1.13 Bundle oberdiek, subset generic (HO)
Package: hobsub 2012/05/28 v1.13 Construct package bundles (HO)
Package hobsub Info: Skipping package `infwarerr' (already loaded).
Package hobsub Info: Skipping package `ltxcmds' (already loaded).
Package: ifluatex 2010/03/01 v1.3 Provides the ifluatex switch (HO)
Package ifluatex Info: LuaTeX not detected.
Package hobsub Info: Skipping package `ifvtex' (already loaded).
Package: intcalc 2007/09/27 v1.1 Expandable calculations with integers (HO)
Package hobsub Info: Skipping package `ifpdf' (already loaded).
Package: etexcmds 2011/02/16 v1.5 Avoid name clashes with e-TeX commands (HO)
Package etexcmds Info: Could not find \expanded.
(etexcmds)             That can mean that you are not using pdfTeX 1.50 or
(etexcmds)             that some package has redefined \expanded.
(etexcmds)             In the latter case, load this package earlier.
Package: kvsetkeys 2012/04/25 v1.16 Key value parser (HO)
Package: kvdefinekeys 2011/04/07 v1.3 Define keys (HO)
Package: pdftexcmds 2011/11/29 v0.20 Utility functions of pdfTeX for LuaTeX (HO
)
Package pdftexcmds Info: LuaTeX not detected.
Package pdftexcmds Info: \pdf@primitive is available.
Package pdftexcmds Info: \pdf@ifprimitive is available.
Package pdftexcmds Info: \pdfdraftmode found.
Package: pdfescape 2011/11/25 v1.13 Implements pdfTeX's escape features (HO)
Package: bigintcalc 2012/04/08 v1.3 Expandable calculations on big integers (HO
)
Package: bitset 2011/01/30 v1.1 Handle bit-vector datatype (HO)
Package: uniquecounter 2011/01/30 v1.2 Provide unlimited unique counter (HO)
)
Package hobsub Info: Skipping package `hobsub' (already loaded).
Package: letltxmacro 2010/09/02 v1.4 Let assignment for LaTeX macros (HO)
Package: hopatch 2012/05/28 v1.2 Wrapper for package hooks (HO)
Package: xcolor-patch 2011/01/30 xcolor patch
Package: atveryend 2011/06/30 v1.8 Hooks at the very end of document (HO)
Package atveryend Info: \enddocument detected (standard20110627).
Package: atbegshi 2011/10/05 v1.16 At begin shipout hook (HO)
Package: refcount 2011/10/16 v3.4 Data extraction from label references (HO)
Package: hycolor 2011/01/30 v1.7 Color options for hyperref/bookmark (HO)
)
(/usr/share/texlive/texmf-dist/tex/latex/oberdiek/kvoptions.sty
Package: kvoptions 2011/06/30 v3.11 Key value format for package options (HO)
)
\@linkdim=\dimen172
\Hy@linkcounter=\count197
\Hy@pagecounter=\count198

(/usr/share/texlive/texmf-dist/tex/latex/hyperref/pd1enc.def
File: pd1enc.def 2012/05/13 v6.82q Hyperref: PDFDocEncoding definition (HO)
Now handling font encoding PD1 ...
... no UTF-8 mapping file for font encoding PD1
)
\Hy@SavedSpaceFactor=\count199

(/usr/share/texlive/texmf-dist/tex/latex/latexconfig/hyperref.cfg
File: hyperref.cfg 2002/06/06 v1.2 hyperref configuration of TeXLive
)
Package hyperref Info: Hyper figures OFF on input line 4062.
Package hyperref Info: Link nesting OFF on input line 4067.
Package hyperref Info: Hyper index ON on input line 4070.
Package hyperref Info: Plain pages OFF on input line 4077.
Package hyperref Info: Backreferencing OFF on input line 4082.
Package hyperref Info: Implicit mode ON; LaTeX internals redefined.
Package hyperref Info: Bookmarks ON on input line 4300.
\c@Hy@tempcnt=\count200

(/usr/share/texlive/texmf-dist/tex/latex/url/url.sty
\Urlmuskip=\muskip11
Package: url 2006/04/12  ver 3.3  Verb mode for urls, etc.
)
LaTeX Info: Redefining \url on input line 4653.
\Fld@menulength=\count201
\Field@Width=\dimen173
\Fld@charsize=\dimen174
Package hyperref Info: Hyper figures OFF on input line 5773.
Package hyperref Info: Link nesting OFF on input line 5778.
Package hyperref Info: Hyper index ON on input line 5781.
Package hyperref Info: backreferencing OFF on input line 5788.
Package hyperref Info: Link coloring OFF on input line 5793.
Package hyperref Info: Link coloring with OCG OFF on input line 5798.
Package hyperref Info: PDF/A mode OFF on input line 5803.
LaTeX Info: Redefining \ref on input line 5843.
LaTeX Info: Redefining \pageref on input line 5847.
Normal \count register pool exhausted, switching to extended pool.
\Hy@abspage=\count277
\c@Item=\count278
\c@Hfootnote=\count279
)

Package hyperref Message: Driver (autodetected): hpdftex.

(/usr/share/texlive/texmf-dist/tex/latex/hyperref/hpdftex.def
File: hpdftex.def 2012/05/13 v6.82q Hyperref driver for pdfTeX
\Fld@listcount=\count280
\c@bookmark@seq@number=\count281

(/usr/share/texlive/texmf-dist/tex/latex/oberdiek/rerunfilecheck.sty
Package: rerunfilecheck 2011/04/15 v1.7 Rerun checks for auxiliary files (HO)
Package uniquecounter Info: New unique counter `rerunfilecheck' on input line 2
82.
)
\Hy@SectionHShift=\skip67
)
(./kandi.aux)
\openout1 = `kandi.aux'.

LaTeX Font Info:    Checking defaults for OML/cmm/m/it on input line 30.
LaTeX Font Info:    ... okay on input line 30.
LaTeX Font Info:    Checking defaults for T1/cmr/m/n on input line 30.
LaTeX Font Info:    ... okay on input line 30.
LaTeX Font Info:    Checking defaults for OT1/cmr/m/n on input line 30.
LaTeX Font Info:    ... okay on input line 30.
LaTeX Font Info:    Checking defaults for OMS/cmsy/m/n on input line 30.
LaTeX Font Info:    ... okay on input line 30.
LaTeX Font Info:    Checking defaults for OMX/cmex/m/n on input line 30.
LaTeX Font Info:    ... okay on input line 30.
LaTeX Font Info:    Checking defaults for U/cmr/m/n on input line 30.
LaTeX Font Info:    ... okay on input line 30.
LaTeX Font Info:    Checking defaults for PD1/pdf/m/n on input line 30.
LaTeX Font Info:    ... okay on input line 30.
 (/usr/share/texlive/texmf-dist/tex/context/base/supp-pdf.mkii
[Loading MPS to PDF converter (version 2006.09.02).]
\scratchcounter=\count282
\scratchdimen=\dimen175
\scratchbox=\box46
\nofMPsegments=\count283
\nofMParguments=\count284
\everyMPshowfont=\toks27
\MPscratchCnt=\count285
\MPscratchDim=\dimen176
\MPnumerator=\count286
\makeMPintoPDFobject=\count287
\everyMPtoPDFconversion=\toks28
) (/usr/share/texlive/texmf-dist/tex/latex/oberdiek/epstopdf-base.sty
Package: epstopdf-base 2010/02/09 v2.5 Base part for package epstopdf

(/usr/share/texlive/texmf-dist/tex/latex/oberdiek/grfext.sty
Package: grfext 2010/08/19 v1.1 Manage graphics extensions (HO)
)
Package grfext Info: Graphics extension search list:
(grfext)             [.png,.pdf,.jpg,.mps,.jpeg,.jbig2,.jb2,.PNG,.PDF,.JPG,.JPE
G,.JBIG2,.JB2,.eps]
(grfext)             \AppendGraphicsExtensions on input line 452.

(/usr/share/texlive/texmf-dist/tex/latex/latexconfig/epstopdf-sys.cfg
File: epstopdf-sys.cfg 2010/07/13 v1.3 Configuration of (r)epstopdf for TeX Liv
e
))
*geometry* driver: auto-detecting
*geometry* detected driver: pdftex
*geometry* verbose mode - [ preamble ] result:
* driver: pdftex
* paper: a4paper
* layout: <same size as paper>
* layoutoffset:(h,v)=(0.0pt,0.0pt)
* modes: 
* h-part:(L,W,R)=(72.26999pt, 452.9679pt, 72.26999pt)
* v-part:(T,H,B)=(72.26999pt, 700.50687pt, 72.26999pt)
* \paperwidth=597.50787pt
* \paperheight=845.04684pt
* \textwidth=452.9679pt
* \textheight=700.50687pt
* \oddsidemargin=0.0pt
* \evensidemargin=0.0pt
* \topmargin=-37.0pt
* \headheight=12.0pt
* \headsep=25.0pt
* \topskip=12.0pt
* \footskip=30.0pt
* \marginparwidth=35.0pt
* \marginparsep=10.0pt
* \columnsep=10.0pt
* \skip\footins=10.8pt plus 4.0pt minus 2.0pt
* \hoffset=0.0pt
* \voffset=0.0pt
* \mag=1000
* \@twocolumnfalse
* \@twosidefalse
* \@mparswitchfalse
* \@reversemarginfalse
* (1in=72.27pt=25.4mm, 1cm=28.453pt)

Now handling font encoding TS1 ...
... processing UTF-8 mapping file for font encoding TS1
(/usr/share/texlive/texmf-dist/tex/latex/base/ts1enc.dfu
File: ts1enc.dfu 2008/04/05 v1.1m UTF-8 support for inputenc
   defining Unicode char U+00A2 (decimal 162)
   defining Unicode char U+00A3 (decimal 163)
   defining Unicode char U+00A4 (decimal 164)
   defining Unicode char U+00A5 (decimal 165)
   defining Unicode char U+00A6 (decimal 166)
   defining Unicode char U+00A7 (decimal 167)
   defining Unicode char U+00A8 (decimal 168)
   defining Unicode char U+00A9 (decimal 169)
   defining Unicode char U+00AA (decimal 170)
   defining Unicode char U+00AC (decimal 172)
   defining Unicode char U+00AE (decimal 174)
   defining Unicode char U+00AF (decimal 175)
   defining Unicode char U+00B0 (decimal 176)
   defining Unicode char U+00B1 (decimal 177)
   defining Unicode char U+00B2 (decimal 178)
   defining Unicode char U+00B3 (decimal 179)
   defining Unicode char U+00B4 (decimal 180)
   defining Unicode char U+00B5 (decimal 181)
   defining Unicode char U+00B6 (decimal 182)
   defining Unicode char U+00B7 (decimal 183)
   defining Unicode char U+00B9 (decimal 185)
   defining Unicode char U+00BA (decimal 186)
   defining Unicode char U+00BC (decimal 188)
   defining Unicode char U+00BD (decimal 189)
   defining Unicode char U+00BE (decimal 190)
   defining Unicode char U+00D7 (decimal 215)
   defining Unicode char U+00F7 (decimal 247)
   defining Unicode char U+0192 (decimal 402)
   defining Unicode char U+02C7 (decimal 711)
   defining Unicode char U+02D8 (decimal 728)
   defining Unicode char U+02DD (decimal 733)
   defining Unicode char U+0E3F (decimal 3647)
   defining Unicode char U+2016 (decimal 8214)
   defining Unicode char U+2020 (decimal 8224)
   defining Unicode char U+2021 (decimal 8225)
   defining Unicode char U+2022 (decimal 8226)
   defining Unicode char U+2030 (decimal 8240)
   defining Unicode char U+2031 (decimal 8241)
   defining Unicode char U+203B (decimal 8251)
   defining Unicode char U+203D (decimal 8253)
   defining Unicode char U+2044 (decimal 8260)
   defining Unicode char U+204E (decimal 8270)
   defining Unicode char U+2052 (decimal 8274)
   defining Unicode char U+20A1 (decimal 8353)
   defining Unicode char U+20A4 (decimal 8356)
   defining Unicode char U+20A6 (decimal 8358)
   defining Unicode char U+20A9 (decimal 8361)
   defining Unicode char U+20AB (decimal 8363)
   defining Unicode char U+20AC (decimal 8364)
   defining Unicode char U+20B1 (decimal 8369)
   defining Unicode char U+2103 (decimal 8451)
   defining Unicode char U+2116 (decimal 8470)
   defining Unicode char U+2117 (decimal 8471)
   defining Unicode char U+211E (decimal 8478)
   defining Unicode char U+2120 (decimal 8480)
   defining Unicode char U+2122 (decimal 8482)
   defining Unicode char U+2126 (decimal 8486)
   defining Unicode char U+2127 (decimal 8487)
   defining Unicode char U+212E (decimal 8494)
   defining Unicode char U+2190 (decimal 8592)
   defining Unicode char U+2191 (decimal 8593)
   defining Unicode char U+2192 (decimal 8594)
   defining Unicode char U+2193 (decimal 8595)
   defining Unicode char U+2329 (decimal 9001)
   defining Unicode char U+232A (decimal 9002)
   defining Unicode char U+2422 (decimal 9250)
   defining Unicode char U+25E6 (decimal 9702)
   defining Unicode char U+25EF (decimal 9711)
   defining Unicode char U+266A (decimal 9834)
)
(/usr/share/texmf/tex/latex/beamer/base/translator/dicts/translator-basic-dicti
onary/translator-basic-dictionary-English.dict
Dictionary: translator-basic-dictionary, Language: English 
)
(/usr/share/texlive/texmf-dist/tex/latex/siunitx/config/siunitx-abbreviations.c
fg
File: siunitx-abbreviations.cfg 2012/05/03 v2.5c siunitx: Abbreviated units
) (/usr/share/texlive/texmf-dist/tex/latex/siunitx/config/siunitx-binary.cfg
File: siunitx-binary.cfg 2012/05/03 v2.5c siunitx: Binary units
)
.................................................
. LaTeX info: "xparse/define-command"
. 
. Defining document command \of with arg. spec. '' on line 30.
.................................................
.................................................
. LaTeX info: "xparse/define-command"
. 
. Defining document command \highlight with arg. spec. '' on line 30.
.................................................
.................................................
. LaTeX info: "xparse/define-command"
. 
. Defining document command \per with arg. spec. '' on line 30.
.................................................
.................................................
. LaTeX info: "xparse/define-command"
. 
. Defining document command \raiseto with arg. spec. '' on line 30.
.................................................
.................................................
. LaTeX info: "xparse/define-command"
. 
. Defining document command \tothe with arg. spec. '' on line 30.
.................................................
.................................................
. LaTeX info: "xparse/define-command"
. 
. Defining document command \kilogram with arg. spec. '' on line 30.
.................................................
.................................................
. LaTeX info: "xparse/define-command"
. 
. Defining document command \metre with arg. spec. '' on line 30.
.................................................
.................................................
. LaTeX info: "xparse/define-command"
. 
. Defining document command \meter with arg. spec. '' on line 30.
.................................................
.................................................
. LaTeX info: "xparse/define-command"
. 
. Defining document command \mole with arg. spec. '' on line 30.
.................................................
.................................................
. LaTeX info: "xparse/define-command"
. 
. Defining document command \second with arg. spec. '' on line 30.
.................................................
.................................................
. LaTeX info: "xparse/define-command"
. 
. Defining document command \ampere with arg. spec. '' on line 30.
.................................................
.................................................
. LaTeX info: "xparse/define-command"
. 
. Defining document command \kelvin with arg. spec. '' on line 30.
.................................................
.................................................
. LaTeX info: "xparse/define-command"
. 
. Defining document command \candela with arg. spec. '' on line 30.
.................................................
.................................................
. LaTeX info: "xparse/define-command"
. 
. Defining document command \gram with arg. spec. '' on line 30.
.................................................
.................................................
. LaTeX info: "xparse/define-command"
. 
. Defining document command \yocto with arg. spec. '' on line 30.
.................................................
.................................................
. LaTeX info: "xparse/define-command"
. 
. Defining document command \zepto with arg. spec. '' on line 30.
.................................................
.................................................
. LaTeX info: "xparse/define-command"
. 
. Defining document command \atto with arg. spec. '' on line 30.
.................................................
.................................................
. LaTeX info: "xparse/define-command"
. 
. Defining document command \femto with arg. spec. '' on line 30.
.................................................
.................................................
. LaTeX info: "xparse/define-command"
. 
. Defining document command \pico with arg. spec. '' on line 30.
.................................................
.................................................
. LaTeX info: "xparse/define-command"
. 
. Defining document command \nano with arg. spec. '' on line 30.
.................................................
.................................................
. LaTeX info: "xparse/define-command"
. 
. Defining document command \micro with arg. spec. '' on line 30.
.................................................
.................................................
. LaTeX info: "xparse/define-command"
. 
. Defining document command \milli with arg. spec. '' on line 30.
.................................................
.................................................
. LaTeX info: "xparse/define-command"
. 
. Defining document command \centi with arg. spec. '' on line 30.
.................................................
.................................................
. LaTeX info: "xparse/define-command"
. 
. Defining document command \deci with arg. spec. '' on line 30.
.................................................
.................................................
. LaTeX info: "xparse/define-command"
. 
. Defining document command \deca with arg. spec. '' on line 30.
.................................................
.................................................
. LaTeX info: "xparse/define-command"
. 
. Defining document command \deka with arg. spec. '' on line 30.
.................................................
.................................................
. LaTeX info: "xparse/define-command"
. 
. Defining document command \hecto with arg. spec. '' on line 30.
.................................................
.................................................
. LaTeX info: "xparse/define-command"
. 
. Defining document command \kilo with arg. spec. '' on line 30.
.................................................
.................................................
. LaTeX info: "xparse/define-command"
. 
. Defining document command \mega with arg. spec. '' on line 30.
.................................................
.................................................
. LaTeX info: "xparse/define-command"
. 
. Defining document command \giga with arg. spec. '' on line 30.
.................................................
.................................................
. LaTeX info: "xparse/define-command"
. 
. Defining document command \tera with arg. spec. '' on line 30.
.................................................
.................................................
. LaTeX info: "xparse/define-command"
. 
. Defining document command \peta with arg. spec. '' on line 30.
.................................................
.................................................
. LaTeX info: "xparse/define-command"
. 
. Defining document command \exa with arg. spec. '' on line 30.
.................................................
.................................................
. LaTeX info: "xparse/define-command"
. 
. Defining document command \zetta with arg. spec. '' on line 30.
.................................................
.................................................
. LaTeX info: "xparse/define-command"
. 
. Defining document command \yotta with arg. spec. '' on line 30.
.................................................
.................................................
. LaTeX info: "xparse/define-command"
. 
. Defining document command \becquerel with arg. spec. '' on line 30.
.................................................
.................................................
. LaTeX info: "xparse/define-command"
. 
. Defining document command \celsius with arg. spec. '' on line 30.
.................................................
.................................................
. LaTeX info: "xparse/define-command"
. 
. Defining document command \degreeCelsius with arg. spec. '' on line 30.
.................................................
.................................................
. LaTeX info: "xparse/define-command"
. 
. Defining document command \coulomb with arg. spec. '' on line 30.
.................................................
.................................................
. LaTeX info: "xparse/define-command"
. 
. Defining document command \farad with arg. spec. '' on line 30.
.................................................
.................................................
. LaTeX info: "xparse/define-command"
. 
. Defining document command \gray with arg. spec. '' on line 30.
.................................................
.................................................
. LaTeX info: "xparse/define-command"
. 
. Defining document command \hertz with arg. spec. '' on line 30.
.................................................
.................................................
. LaTeX info: "xparse/define-command"
. 
. Defining document command \henry with arg. spec. '' on line 30.
.................................................
.................................................
. LaTeX info: "xparse/define-command"
. 
. Defining document command \joule with arg. spec. '' on line 30.
.................................................
.................................................
. LaTeX info: "xparse/define-command"
. 
. Defining document command \katal with arg. spec. '' on line 30.
.................................................
.................................................
. LaTeX info: "xparse/define-command"
. 
. Defining document command \lumen with arg. spec. '' on line 30.
.................................................
.................................................
. LaTeX info: "xparse/define-command"
. 
. Defining document command \lux with arg. spec. '' on line 30.
.................................................
.................................................
. LaTeX info: "xparse/define-command"
. 
. Defining document command \newton with arg. spec. '' on line 30.
.................................................
.................................................
. LaTeX info: "xparse/define-command"
. 
. Defining document command \ohm with arg. spec. '' on line 30.
.................................................
.................................................
. LaTeX info: "xparse/define-command"
. 
. Defining document command \pascal with arg. spec. '' on line 30.
.................................................
.................................................
. LaTeX info: "xparse/define-command"
. 
. Defining document command \radian with arg. spec. '' on line 30.
.................................................
.................................................
. LaTeX info: "xparse/define-command"
. 
. Defining document command \siemens with arg. spec. '' on line 30.
.................................................
.................................................
. LaTeX info: "xparse/define-command"
. 
. Defining document command \sievert with arg. spec. '' on line 30.
.................................................
.................................................
. LaTeX info: "xparse/define-command"
. 
. Defining document command \steradian with arg. spec. '' on line 30.
.................................................
.................................................
. LaTeX info: "xparse/define-command"
. 
. Defining document command \tesla with arg. spec. '' on line 30.
.................................................
.................................................
. LaTeX info: "xparse/define-command"
. 
. Defining document command \volt with arg. spec. '' on line 30.
.................................................
.................................................
. LaTeX info: "xparse/define-command"
. 
. Defining document command \watt with arg. spec. '' on line 30.
.................................................
.................................................
. LaTeX info: "xparse/define-command"
. 
. Defining document command \weber with arg. spec. '' on line 30.
.................................................
.................................................
. LaTeX info: "xparse/define-command"
. 
. Defining document command \arcmin with arg. spec. '' on line 30.
.................................................
.................................................
. LaTeX info: "xparse/define-command"
. 
. Defining document command \arcminute with arg. spec. '' on line 30.
.................................................
.................................................
. LaTeX info: "xparse/define-command"
. 
. Defining document command \arcsecond with arg. spec. '' on line 30.
.................................................
.................................................
. LaTeX info: "xparse/define-command"
. 
. Defining document command \degree with arg. spec. '' on line 30.
.................................................
.................................................
. LaTeX info: "xparse/define-command"
. 
. Defining document command \hectare with arg. spec. '' on line 30.
.................................................
.................................................
. LaTeX info: "xparse/define-command"
. 
. Defining document command \hour with arg. spec. '' on line 30.
.................................................
.................................................
. LaTeX info: "xparse/define-command"
. 
. Defining document command \litre with arg. spec. '' on line 30.
.................................................
.................................................
. LaTeX info: "xparse/define-command"
. 
. Defining document command \liter with arg. spec. '' on line 30.
.................................................
.................................................
. LaTeX info: "xparse/define-command"
. 
. Defining document command \minute with arg. spec. '' on line 30.
.................................................
.................................................
. LaTeX info: "xparse/define-command"
. 
. Defining document command \percent with arg. spec. '' on line 30.
.................................................
.................................................
. LaTeX info: "xparse/define-command"
. 
. Defining document command \tonne with arg. spec. '' on line 30.
.................................................
.................................................
. LaTeX info: "xparse/define-command"
. 
. Defining document command \astronomicalunit with arg. spec. '' on line 30.
.................................................
.................................................
. LaTeX info: "xparse/define-command"
. 
. Defining document command \atomicmassunit with arg. spec. '' on line 30.
.................................................
.................................................
. LaTeX info: "xparse/define-command"
. 
. Defining document command \electronvolt with arg. spec. '' on line 30.
.................................................
.................................................
. LaTeX info: "xparse/define-command"
. 
. Defining document command \dalton with arg. spec. '' on line 30.
.................................................
.................................................
. LaTeX info: "xparse/define-command"
. 
. Defining document command \clight with arg. spec. '' on line 30.
.................................................
.................................................
. LaTeX info: "xparse/define-command"
. 
. Defining document command \electronmass with arg. spec. '' on line 30.
.................................................
.................................................
. LaTeX info: "xparse/define-command"
. 
. Defining document command \planckbar with arg. spec. '' on line 30.
.................................................
.................................................
. LaTeX info: "xparse/define-command"
. 
. Defining document command \elementarycharge with arg. spec. '' on line 30.
.................................................
.................................................
. LaTeX info: "xparse/define-command"
. 
. Defining document command \bohr with arg. spec. '' on line 30.
.................................................
.................................................
. LaTeX info: "xparse/define-command"
. 
. Defining document command \hartree with arg. spec. '' on line 30.
.................................................
.................................................
. LaTeX info: "xparse/define-command"
. 
. Defining document command \angstrom with arg. spec. '' on line 30.
.................................................
.................................................
. LaTeX info: "xparse/define-command"
. 
. Defining document command \barn with arg. spec. '' on line 30.
.................................................
.................................................
. LaTeX info: "xparse/define-command"
. 
. Defining document command \bel with arg. spec. '' on line 30.
.................................................
.................................................
. LaTeX info: "xparse/define-command"
. 
. Defining document command \decibel with arg. spec. '' on line 30.
.................................................
.................................................
. LaTeX info: "xparse/define-command"
. 
. Defining document command \knot with arg. spec. '' on line 30.
.................................................
.................................................
. LaTeX info: "xparse/define-command"
. 
. Defining document command \mmHg with arg. spec. '' on line 30.
.................................................
.................................................
. LaTeX info: "xparse/define-command"
. 
. Defining document command \nauticalmile with arg. spec. '' on line 30.
.................................................
.................................................
. LaTeX info: "xparse/define-command"
. 
. Defining document command \neper with arg. spec. '' on line 30.
.................................................
.................................................
. LaTeX info: "xparse/define-command"
. 
. Defining document command \squared with arg. spec. '' on line 30.
.................................................
.................................................
. LaTeX info: "xparse/define-command"
. 
. Defining document command \cubic with arg. spec. '' on line 30.
.................................................
.................................................
. LaTeX info: "xparse/define-command"
. 
. Defining document command \cubed with arg. spec. '' on line 30.
.................................................
.................................................
. LaTeX info: "xparse/define-command"
. 
. Defining document command \Square with arg. spec. '' on line 30.
.................................................
.................................................
. LaTeX info: "xparse/define-command"
. 
. Defining document command \ssquare with arg. spec. '' on line 30.
.................................................
.................................................
. LaTeX info: "xparse/define-command"
. 
. Defining document command \BAR with arg. spec. '' on line 30.
.................................................
.................................................
. LaTeX info: "xparse/define-command"
. 
. Defining document command \bbar with arg. spec. '' on line 30.
.................................................
.................................................
. LaTeX info: "xparse/define-command"
. 
. Defining document command \Day with arg. spec. '' on line 30.
.................................................
.................................................
. LaTeX info: "xparse/define-command"
. 
. Defining document command \dday with arg. spec. '' on line 30.
.................................................
.................................................
. LaTeX info: "xparse/define-command"
. 
. Defining document command \Gray with arg. spec. '' on line 30.
.................................................
.................................................
. LaTeX info: "xparse/define-command"
. 
. Defining document command \ggray with arg. spec. '' on line 30.
.................................................
.................................................
. LaTeX info: "xparse/define-command"
. 
. Defining document command \atomicmass with arg. spec. '' on line 30.
.................................................
.................................................
. LaTeX info: "xparse/define-command"
. 
. Defining document command \arcsec with arg. spec. '' on line 30.
.................................................
.................................................
. LaTeX info: "xparse/define-command"
. 
. Defining document command \are with arg. spec. '' on line 30.
.................................................
.................................................
. LaTeX info: "xparse/define-command"
. 
. Defining document command \curie with arg. spec. '' on line 30.
.................................................
.................................................
. LaTeX info: "xparse/define-command"
. 
. Defining document command \gal with arg. spec. '' on line 30.
.................................................
.................................................
. LaTeX info: "xparse/define-command"
. 
. Defining document command \millibar with arg. spec. '' on line 30.
.................................................
.................................................
. LaTeX info: "xparse/define-command"
. 
. Defining document command \rad with arg. spec. '' on line 30.
.................................................
.................................................
. LaTeX info: "xparse/define-command"
. 
. Defining document command \rem with arg. spec. '' on line 30.
.................................................
.................................................
. LaTeX info: "xparse/define-command"
. 
. Defining document command \roentgen with arg. spec. '' on line 30.
.................................................
.................................................
. LaTeX info: "xparse/define-command"
. 
. Defining document command \micA with arg. spec. '' on line 30.
.................................................
.................................................
. LaTeX info: "xparse/define-command"
. 
. Defining document command \micmol with arg. spec. '' on line 30.
.................................................
.................................................
. LaTeX info: "xparse/define-command"
. 
. Defining document command \micl with arg. spec. '' on line 30.
.................................................
.................................................
. LaTeX info: "xparse/define-command"
. 
. Defining document command \micL with arg. spec. '' on line 30.
.................................................
.................................................
. LaTeX info: "xparse/define-command"
. 
. Defining document command \nanog with arg. spec. '' on line 30.
.................................................
.................................................
. LaTeX info: "xparse/define-command"
. 
. Defining document command \micg with arg. spec. '' on line 30.
.................................................
.................................................
. LaTeX info: "xparse/define-command"
. 
. Defining document command \picm with arg. spec. '' on line 30.
.................................................
.................................................
. LaTeX info: "xparse/define-command"
. 
. Defining document command \micm with arg. spec. '' on line 30.
.................................................
.................................................
. LaTeX info: "xparse/define-command"
. 
. Defining document command \Sec with arg. spec. '' on line 30.
.................................................
.................................................
. LaTeX info: "xparse/define-command"
. 
. Defining document command \mics with arg. spec. '' on line 30.
.................................................
.................................................
. LaTeX info: "xparse/define-command"
. 
. Defining document command \cmc with arg. spec. '' on line 30.
.................................................
.................................................
. LaTeX info: "xparse/define-command"
. 
. Defining document command \dmc with arg. spec. '' on line 30.
.................................................
.................................................
. LaTeX info: "xparse/define-command"
. 
. Defining document command \cms with arg. spec. '' on line 30.
.................................................
.................................................
. LaTeX info: "xparse/define-command"
. 
. Defining document command \centimetrecubed with arg. spec. '' on line 30.
.................................................
.................................................
. LaTeX info: "xparse/define-command"
. 
. Defining document command \centimetresquared with arg. spec. '' on line 30.
.................................................
.................................................
. LaTeX info: "xparse/define-command"
. 
. Defining document command \cubiccentimetre with arg. spec. '' on line 30.
.................................................
.................................................
. LaTeX info: "xparse/define-command"
. 
. Defining document command \cubicdecimetre with arg. spec. '' on line 30.
.................................................
.................................................
. LaTeX info: "xparse/define-command"
. 
. Defining document command \squarecentimetre with arg. spec. '' on line 30.
.................................................
.................................................
. LaTeX info: "xparse/define-command"
. 
. Defining document command \squaremetre with arg. spec. '' on line 30.
.................................................
.................................................
. LaTeX info: "xparse/define-command"
. 
. Defining document command \squarekilometre with arg. spec. '' on line 30.
.................................................
.................................................
. LaTeX info: "xparse/define-command"
. 
. Defining document command \parsec with arg. spec. '' on line 30.
.................................................
.................................................
. LaTeX info: "xparse/define-command"
. 
. Defining document command \lightyear with arg. spec. '' on line 30.
.................................................
.................................................
. LaTeX info: "xparse/define-command"
. 
. Defining document command \gmol with arg. spec. '' on line 30.
.................................................
.................................................
. LaTeX info: "xparse/define-command"
. 
. Defining document command \kgmol with arg. spec. '' on line 30.
.................................................
.................................................
. LaTeX info: "xparse/define-command"
. 
. Defining document command \lbmol with arg. spec. '' on line 30.
.................................................
.................................................
. LaTeX info: "xparse/define-command"
. 
. Defining document command \molar with arg. spec. '' on line 30.
.................................................
.................................................
. LaTeX info: "xparse/define-command"
. 
. Defining document command \Molar with arg. spec. '' on line 30.
.................................................
.................................................
. LaTeX info: "xparse/define-command"
. 
. Defining document command \torr with arg. spec. '' on line 30.
.................................................
.................................................
. LaTeX info: "xparse/define-command"
. 
. Defining document command \gon with arg. spec. '' on line 30.
.................................................
.................................................
. LaTeX info: "xparse/define-command"
. 
. Defining document command \micron with arg. spec. '' on line 30.
.................................................
.................................................
. LaTeX info: "xparse/define-command"
. 
. Defining document command \mrad with arg. spec. '' on line 30.
.................................................
.................................................
. LaTeX info: "xparse/define-command"
. 
. Defining document command \gauss with arg. spec. '' on line 30.
.................................................
.................................................
. LaTeX info: "xparse/define-command"
. 
. Defining document command \eVperc with arg. spec. '' on line 30.
.................................................
.................................................
. LaTeX info: "xparse/define-command"
. 
. Defining document command \nanobarn with arg. spec. '' on line 30.
.................................................
.................................................
. LaTeX info: "xparse/define-command"
. 
. Defining document command \picobarn with arg. spec. '' on line 30.
.................................................
.................................................
. LaTeX info: "xparse/define-command"
. 
. Defining document command \femtobarn with arg. spec. '' on line 30.
.................................................
.................................................
. LaTeX info: "xparse/define-command"
. 
. Defining document command \attobarn with arg. spec. '' on line 30.
.................................................
.................................................
. LaTeX info: "xparse/define-command"
. 
. Defining document command \zeptobarn with arg. spec. '' on line 30.
.................................................
.................................................
. LaTeX info: "xparse/define-command"
. 
. Defining document command \yoctobarn with arg. spec. '' on line 30.
.................................................
.................................................
. LaTeX info: "xparse/define-command"
. 
. Defining document command \nb with arg. spec. '' on line 30.
.................................................
.................................................
. LaTeX info: "xparse/define-command"
. 
. Defining document command \pb with arg. spec. '' on line 30.
.................................................
.................................................
. LaTeX info: "xparse/define-command"
. 
. Defining document command \fb with arg. spec. '' on line 30.
.................................................
.................................................
. LaTeX info: "xparse/define-command"
. 
. Defining document command \ab with arg. spec. '' on line 30.
.................................................
.................................................
. LaTeX info: "xparse/define-command"
. 
. Defining document command \zb with arg. spec. '' on line 30.
.................................................
.................................................
. LaTeX info: "xparse/define-command"
. 
. Defining document command \yb with arg. spec. '' on line 30.
.................................................
.................................................
. LaTeX info: "xparse/define-command"
. 
. Defining document command \A with arg. spec. '' on line 30.
.................................................
.................................................
. LaTeX info: "xparse/define-command"
. 
. Defining document command \pA with arg. spec. '' on line 30.
.................................................
.................................................
. LaTeX info: "xparse/define-command"
. 
. Defining document command \nA with arg. spec. '' on line 30.
.................................................
.................................................
. LaTeX info: "xparse/define-command"
. 
. Defining document command \uA with arg. spec. '' on line 30.
.................................................
.................................................
. LaTeX info: "xparse/define-command"
. 
. Defining document command \mA with arg. spec. '' on line 30.
.................................................
.................................................
. LaTeX info: "xparse/define-command"
. 
. Defining document command \kA with arg. spec. '' on line 30.
.................................................
.................................................
. LaTeX info: "xparse/define-command"
. 
. Defining document command \Hz with arg. spec. '' on line 30.
.................................................
.................................................
. LaTeX info: "xparse/define-command"
. 
. Defining document command \mHz with arg. spec. '' on line 30.
.................................................
.................................................
. LaTeX info: "xparse/define-command"
. 
. Defining document command \kHz with arg. spec. '' on line 30.
.................................................
.................................................
. LaTeX info: "xparse/define-command"
. 
. Defining document command \MHz with arg. spec. '' on line 30.
.................................................
.................................................
. LaTeX info: "xparse/define-command"
. 
. Defining document command \GHz with arg. spec. '' on line 30.
.................................................
.................................................
. LaTeX info: "xparse/define-command"
. 
. Defining document command \THz with arg. spec. '' on line 30.
.................................................
.................................................
. LaTeX info: "xparse/define-command"
. 
. Defining document command \mol with arg. spec. '' on line 30.
.................................................
.................................................
. LaTeX info: "xparse/define-command"
. 
. Defining document command \fmol with arg. spec. '' on line 30.
.................................................
.................................................
. LaTeX info: "xparse/define-command"
. 
. Defining document command \pmol with arg. spec. '' on line 30.
.................................................
.................................................
. LaTeX info: "xparse/define-command"
. 
. Defining document command \nmol with arg. spec. '' on line 30.
.................................................
.................................................
. LaTeX info: "xparse/define-command"
. 
. Defining document command \umol with arg. spec. '' on line 30.
.................................................
.................................................
. LaTeX info: "xparse/define-command"
. 
. Defining document command \mmol with arg. spec. '' on line 30.
.................................................
.................................................
. LaTeX info: "xparse/define-command"
. 
. Defining document command \kmol with arg. spec. '' on line 30.
.................................................
.................................................
. LaTeX info: "xparse/define-command"
. 
. Defining document command \V with arg. spec. '' on line 30.
.................................................
.................................................
. LaTeX info: "xparse/define-command"
. 
. Defining document command \pV with arg. spec. '' on line 30.
.................................................
.................................................
. LaTeX info: "xparse/define-command"
. 
. Defining document command \nV with arg. spec. '' on line 30.
.................................................
.................................................
. LaTeX info: "xparse/define-command"
. 
. Defining document command \uV with arg. spec. '' on line 30.
.................................................
.................................................
. LaTeX info: "xparse/define-command"
. 
. Defining document command \mV with arg. spec. '' on line 30.
.................................................
.................................................
. LaTeX info: "xparse/define-command"
. 
. Defining document command \kV with arg. spec. '' on line 30.
.................................................
.................................................
. LaTeX info: "xparse/define-command"
. 
. Defining document command \hl with arg. spec. '' on line 30.
.................................................
.................................................
. LaTeX info: "xparse/define-command"
. 
. Defining document command \ml with arg. spec. '' on line 30.
.................................................
.................................................
. LaTeX info: "xparse/define-command"
. 
. Defining document command \ul with arg. spec. '' on line 30.
.................................................
.................................................
. LaTeX info: "xparse/define-command"
. 
. Defining document command \hL with arg. spec. '' on line 30.
.................................................
.................................................
. LaTeX info: "xparse/define-command"
. 
. Defining document command \mL with arg. spec. '' on line 30.
.................................................
.................................................
. LaTeX info: "xparse/define-command"
. 
. Defining document command \uL with arg. spec. '' on line 30.
.................................................
.................................................
. LaTeX info: "xparse/define-command"
. 
. Defining document command \fg with arg. spec. '' on line 30.
.................................................
.................................................
. LaTeX info: "xparse/define-command"
. 
. Defining document command \pg with arg. spec. '' on line 30.
.................................................
.................................................
. LaTeX info: "xparse/define-command"
. 
. Defining document command \ug with arg. spec. '' on line 30.
.................................................
.................................................
. LaTeX info: "xparse/define-command"
. 
. Defining document command \mg with arg. spec. '' on line 30.
.................................................
.................................................
. LaTeX info: "xparse/define-command"
. 
. Defining document command \g with arg. spec. '' on line 30.
.................................................
.................................................
. LaTeX info: "xparse/define-command"
. 
. Defining document command \kg with arg. spec. '' on line 30.
.................................................
.................................................
. LaTeX info: "xparse/define-command"
. 
. Defining document command \amu with arg. spec. '' on line 30.
.................................................
.................................................
. LaTeX info: "xparse/define-command"
. 
. Defining document command \W with arg. spec. '' on line 30.
.................................................
.................................................
. LaTeX info: "xparse/define-command"
. 
. Defining document command \uW with arg. spec. '' on line 30.
.................................................
.................................................
. LaTeX info: "xparse/define-command"
. 
. Defining document command \mW with arg. spec. '' on line 30.
.................................................
.................................................
. LaTeX info: "xparse/define-command"
. 
. Defining document command \kW with arg. spec. '' on line 30.
.................................................
.................................................
. LaTeX info: "xparse/define-command"
. 
. Defining document command \MW with arg. spec. '' on line 30.
.................................................
.................................................
. LaTeX info: "xparse/define-command"
. 
. Defining document command \GW with arg. spec. '' on line 30.
.................................................
.................................................
. LaTeX info: "xparse/define-command"
. 
. Defining document command \J with arg. spec. '' on line 30.
.................................................
.................................................
. LaTeX info: "xparse/define-command"
. 
. Defining document command \kJ with arg. spec. '' on line 30.
.................................................
.................................................
. LaTeX info: "xparse/define-command"
. 
. Defining document command \eV with arg. spec. '' on line 30.
.................................................
.................................................
. LaTeX info: "xparse/define-command"
. 
. Defining document command \meV with arg. spec. '' on line 30.
.................................................
.................................................
. LaTeX info: "xparse/define-command"
. 
. Defining document command \keV with arg. spec. '' on line 30.
.................................................
.................................................
. LaTeX info: "xparse/define-command"
. 
. Defining document command \MeV with arg. spec. '' on line 30.
.................................................
.................................................
. LaTeX info: "xparse/define-command"
. 
. Defining document command \GeV with arg. spec. '' on line 30.
.................................................
.................................................
. LaTeX info: "xparse/define-command"
. 
. Defining document command \TeV with arg. spec. '' on line 30.
.................................................
.................................................
. LaTeX info: "xparse/define-command"
. 
. Defining document command \kWh with arg. spec. '' on line 30.
.................................................
.................................................
. LaTeX info: "xparse/define-command"
. 
. Defining document command \m with arg. spec. '' on line 30.
.................................................
.................................................
. LaTeX info: "xparse/define-command"
. 
. Defining document command \nm with arg. spec. '' on line 30.
.................................................
.................................................
. LaTeX info: "xparse/define-command"
. 
. Defining document command \um with arg. spec. '' on line 30.
.................................................
.................................................
. LaTeX info: "xparse/define-command"
. 
. Defining document command \mm with arg. spec. '' on line 30.
.................................................
.................................................
. LaTeX info: "xparse/define-command"
. 
. Defining document command \cm with arg. spec. '' on line 30.
.................................................
.................................................
. LaTeX info: "xparse/define-command"
. 
. Defining document command \dm with arg. spec. '' on line 30.
.................................................
.................................................
. LaTeX info: "xparse/define-command"
. 
. Defining document command \km with arg. spec. '' on line 30.
.................................................
.................................................
. LaTeX info: "xparse/define-command"
. 
. Defining document command \K with arg. spec. '' on line 30.
.................................................
.................................................
. LaTeX info: "xparse/define-command"
. 
. Defining document command \dB with arg. spec. '' on line 30.
.................................................
.................................................
. LaTeX info: "xparse/define-command"
. 
. Defining document command \F with arg. spec. '' on line 30.
.................................................
.................................................
. LaTeX info: "xparse/define-command"
. 
. Defining document command \fF with arg. spec. '' on line 30.
.................................................
.................................................
. LaTeX info: "xparse/define-command"
. 
. Defining document command \pF with arg. spec. '' on line 30.
.................................................
.................................................
. LaTeX info: "xparse/define-command"
. 
. Defining document command \N with arg. spec. '' on line 30.
.................................................
.................................................
. LaTeX info: "xparse/define-command"
. 
. Defining document command \mN with arg. spec. '' on line 30.
.................................................
.................................................
. LaTeX info: "xparse/define-command"
. 
. Defining document command \kN with arg. spec. '' on line 30.
.................................................
.................................................
. LaTeX info: "xparse/define-command"
. 
. Defining document command \MN with arg. spec. '' on line 30.
.................................................
.................................................
. LaTeX info: "xparse/define-command"
. 
. Defining document command \Pa with arg. spec. '' on line 30.
.................................................
.................................................
. LaTeX info: "xparse/define-command"
. 
. Defining document command \kPa with arg. spec. '' on line 30.
.................................................
.................................................
. LaTeX info: "xparse/define-command"
. 
. Defining document command \MPa with arg. spec. '' on line 30.
.................................................
.................................................
. LaTeX info: "xparse/define-command"
. 
. Defining document command \GPa with arg. spec. '' on line 30.
.................................................
.................................................
. LaTeX info: "xparse/define-command"
. 
. Defining document command \mohm with arg. spec. '' on line 30.
.................................................
.................................................
. LaTeX info: "xparse/define-command"
. 
. Defining document command \kohm with arg. spec. '' on line 30.
.................................................
.................................................
. LaTeX info: "xparse/define-command"
. 
. Defining document command \Mohm with arg. spec. '' on line 30.
.................................................
.................................................
. LaTeX info: "xparse/define-command"
. 
. Defining document command \s with arg. spec. '' on line 30.
.................................................
.................................................
. LaTeX info: "xparse/define-command"
. 
. Defining document command \as with arg. spec. '' on line 30.
.................................................
.................................................
. LaTeX info: "xparse/define-command"
. 
. Defining document command \fs with arg. spec. '' on line 30.
.................................................
.................................................
. LaTeX info: "xparse/define-command"
. 
. Defining document command \ps with arg. spec. '' on line 30.
.................................................
.................................................
. LaTeX info: "xparse/define-command"
. 
. Defining document command \ns with arg. spec. '' on line 30.
.................................................
.................................................
. LaTeX info: "xparse/define-command"
. 
. Defining document command \us with arg. spec. '' on line 30.
.................................................
.................................................
. LaTeX info: "xparse/define-command"
. 
. Defining document command \ms with arg. spec. '' on line 30.
.................................................
.................................................
. LaTeX info: "xparse/define-command"
. 
. Defining document command \kibi with arg. spec. '' on line 30.
.................................................
.................................................
. LaTeX info: "xparse/define-command"
. 
. Defining document command \mebi with arg. spec. '' on line 30.
.................................................
.................................................
. LaTeX info: "xparse/define-command"
. 
. Defining document command \gibi with arg. spec. '' on line 30.
.................................................
.................................................
. LaTeX info: "xparse/define-command"
. 
. Defining document command \tebi with arg. spec. '' on line 30.
.................................................
.................................................
. LaTeX info: "xparse/define-command"
. 
. Defining document command \pebi with arg. spec. '' on line 30.
.................................................
.................................................
. LaTeX info: "xparse/define-command"
. 
. Defining document command \exbi with arg. spec. '' on line 30.
.................................................
.................................................
. LaTeX info: "xparse/define-command"
. 
. Defining document command \zebi with arg. spec. '' on line 30.
.................................................
.................................................
. LaTeX info: "xparse/define-command"
. 
. Defining document command \yobi with arg. spec. '' on line 30.
.................................................
.................................................
. LaTeX info: "xparse/define-command"
. 
. Defining document command \bit with arg. spec. '' on line 30.
.................................................
.................................................
. LaTeX info: "xparse/define-command"
. 
. Defining document command \byte with arg. spec. '' on line 30.
.................................................
\AtBeginShipoutBox=\box47
Package hyperref Info: Link coloring OFF on input line 30.
(/usr/share/texlive/texmf-dist/tex/latex/hyperref/nameref.sty
Package: nameref 2010/04/30 v2.40 Cross-referencing by name of section

(/usr/share/texlive/texmf-dist/tex/generic/oberdiek/gettitlestring.sty
Package: gettitlestring 2010/12/03 v1.4 Cleanup title references (HO)
)
\c@section@level=\count288
)
LaTeX Info: Redefining \ref on input line 30.
LaTeX Info: Redefining \pageref on input line 30.
LaTeX Info: Redefining \nameref on input line 30.

(./kandi.out) (./kandi.out)
\@outlinefile=\write3
\openout3 = `kandi.out'.

\c_siunitx_mathsf_int=\count289
LaTeX Font Info:    Try loading font information for U+msa on input line 30.

(/usr/share/texlive/texmf-dist/tex/latex/amsfonts/umsa.fd
File: umsa.fd 2009/06/22 v3.00 AMS symbols A
)
LaTeX Font Info:    Try loading font information for U+msb on input line 30.

(/usr/share/texlive/texmf-dist/tex/latex/amsfonts/umsb.fd
File: umsb.fd 2009/06/22 v3.00 AMS symbols B
)
\c_siunitx_mathtt_int=\count290
 (./kandi.toc)
\tf@toc=\write4
\openout4 = `kandi.toc'.


[1

{/var/lib/texmf/fonts/map/pdftex/updmap/pdftex.map}]
No file kandi.bbl.

Package Fancyhdr Warning: \headheight is too small (12.0pt): 
 Make it at least 14.87502pt.
 We now make it that large for the rest of the document.
 This may cause the page layout to be inconsistent, however.

pdfTeX warning (ext4): destination with the same identifier (name{page.1}) has 
been already used, duplicate ignored
<to be read again> 
                   \relax 
l.113 \newpage
               [1]
Package atveryend Info: Empty hook `BeforeClearDocument' on input line 116.
 [2]
Package atveryend Info: Empty hook `AfterLastShipout' on input line 116.
 (./kandi.aux)
Package atveryend Info: Executing hook `AtVeryEndDocument' on input line 116.
Package atveryend Info: Executing hook `AtEndAfterFileList' on input line 116.


Package rerunfilecheck Warning: File `kandi.out' has changed.
(rerunfilecheck)                Rerun to get outlines right
(rerunfilecheck)                or use package `bookmark'.

Package rerunfilecheck Info: Checksums for `kandi.out':
(rerunfilecheck)             Before: 6C92F0522765A132E970FF3413E2FE3D;317
(rerunfilecheck)             After:  2938F8ACF516C4A072B8EFE13CC67022;319.

LaTeX Warning: Label(s) may have changed. Rerun to get cross-references right.

Package atveryend Info: Empty hook `AtVeryVeryEnd' on input line 116.
 ) 
Here is how much of TeX's memory you used:
 16223 strings out of 493481
 322603 string characters out of 3143394
 341148 words of memory out of 3000000
 19294 multiletter control sequences out of 15000+200000
 10610 words of font info for 41 fonts, out of 3000000 for 9000
 965 hyphenation exceptions out of 8191
 32i,12n,43p,980b,877s stack positions out of 5000i,500n,10000p,200000b,50000s
pdfTeX warning (dest): name{subsection.1.1} has been referenced but does not 
exist, replaced by a fixed one

</usr/share/texlive/texmf-dist/fonts/type1/public/amsfonts/cm/cmbx12.pfb></usr/
share/texlive/texmf-dist/fonts/type1/public/amsfonts/cm/cmr12.pfb>
Output written on kandi.pdf (3 pages, 28914 bytes).
PDF statistics:
 64 PDF objects out of 1000 (max. 8388607)
 56 compressed objects within 1 object stream
 12 named destinations out of 1000 (max. 500000)
 49 words of extra memory for PDF output out of 10000 (max. 10000000)

